kotlin version: 2.1.0
error message: org.jetbrains.kotlin.util.FileAnalysisException: While analysing C:/Users/ASUS/Desktop/FixLink-COMMOV-TP/app/src/main/java/com/example/fixlink/IssuesContentFragment.kt:198:5: java.lang.ClassCastException: class org.jetbrains.kotlin.fir.declarations.impl.FirDeclarationStatusImpl cannot be cast to class org.jetbrains.kotlin.fir.declarations.FirResolvedDeclarationStatus (org.jetbrains.kotlin.fir.declarations.impl.FirDeclarationStatusImpl and org.jetbrains.kotlin.fir.declarations.FirResolvedDeclarationStatus are in unnamed module of loader 'app')
	at org.jetbrains.kotlin.util.AnalysisExceptionsKt.wrapIntoFileAnalysisExceptionIfNeeded(AnalysisExceptions.kt:57)
	at org.jetbrains.kotlin.fir.FirCliExceptionHandler.handleExceptionOnFileAnalysis(Utils.kt:249)
	at org.jetbrains.kotlin.fir.resolve.transformers.AbstractFirStatusResolveTransformer.transformFile(FirStatusResolveTransformer.kt:542)
	at org.jetbrains.kotlin.fir.resolve.transformers.AbstractFirStatusResolveTransformer.transformFile(FirStatusResolveTransformer.kt:187)
	at org.jetbrains.kotlin.fir.declarations.FirFile.transform(FirFile.kt:46)
	at org.jetbrains.kotlin.fir.resolve.transformers.FirTransformerBasedResolveProcessor.processFile(FirResolveProcessor.kt:48)
	at org.jetbrains.kotlin.fir.resolve.transformers.FirTotalResolveProcessor.process(FirTotalResolveProcessor.kt:36)
	at org.jetbrains.kotlin.fir.pipeline.AnalyseKt.runResolution(analyse.kt:24)
	at org.jetbrains.kotlin.fir.pipeline.FirUtilsKt.resolveAndCheckFir(firUtils.kt:76)
	at org.jetbrains.kotlin.fir.pipeline.FirUtilsKt.buildResolveAndCheckFirViaLightTree(firUtils.kt:88)
	at org.jetbrains.kotlin.cli.jvm.compiler.pipeline.JvmCompilerPipelineLightTreeKt.compileModuleToAnalyzedFirViaLightTreeIncrementally(jvmCompilerPipelineLightTree.kt:347)
	at org.jetbrains.kotlin.cli.jvm.compiler.pipeline.JvmCompilerPipelineLightTreeKt.compileModuleToAnalyzedFirViaLightTree(jvmCompilerPipelineLightTree.kt:272)
	at org.jetbrains.kotlin.cli.jvm.compiler.pipeline.JvmCompilerPipelineLightTreeKt.compileModule(jvmCompilerPipelineLightTree.kt:250)
	at org.jetbrains.kotlin.cli.jvm.compiler.pipeline.JvmCompilerPipelineLightTreeKt.compileSingleModuleUsingFrontendIrAndLightTree(jvmCompilerPipelineLightTree.kt:231)
	at org.jetbrains.kotlin.cli.jvm.compiler.pipeline.JvmCompilerPipelineLightTreeKt.compileModulesUsingFrontendIrAndLightTree(jvmCompilerPipelineLightTree.kt:86)
	at org.jetbrains.kotlin.cli.jvm.K2JVMCompiler.doExecute(K2JVMCompiler.kt:146)
	at org.jetbrains.kotlin.cli.jvm.K2JVMCompiler.doExecute(K2JVMCompiler.kt:43)
	at org.jetbrains.kotlin.cli.common.CLICompiler.execImpl(CLICompiler.kt:102)
	at org.jetbrains.kotlin.cli.common.CLICompiler.exec(CLICompiler.kt:316)
	at org.jetbrains.kotlin.incremental.IncrementalJvmCompilerRunner.runCompiler(IncrementalJvmCompilerRunner.kt:464)
	at org.jetbrains.kotlin.incremental.IncrementalJvmCompilerRunner.runCompiler(IncrementalJvmCompilerRunner.kt:73)
	at org.jetbrains.kotlin.incremental.IncrementalCompilerRunner.doCompile(IncrementalCompilerRunner.kt:506)
	at org.jetbrains.kotlin.incremental.IncrementalCompilerRunner.compileImpl(IncrementalCompilerRunner.kt:423)
	at org.jetbrains.kotlin.incremental.IncrementalCompilerRunner.tryCompileIncrementally$lambda$9$compile(IncrementalCompilerRunner.kt:249)
	at org.jetbrains.kotlin.incremental.IncrementalCompilerRunner.tryCompileIncrementally(IncrementalCompilerRunner.kt:267)
	at org.jetbrains.kotlin.incremental.IncrementalCompilerRunner.compile(IncrementalCompilerRunner.kt:120)
	at org.jetbrains.kotlin.daemon.CompileServiceImplBase.execIncrementalCompiler(CompileServiceImpl.kt:674)
	at org.jetbrains.kotlin.daemon.CompileServiceImplBase.access$execIncrementalCompiler(CompileServiceImpl.kt:91)
	at org.jetbrains.kotlin.daemon.CompileServiceImpl.compile(CompileServiceImpl.kt:1659)
	at java.base/jdk.internal.reflect.DirectMethodHandleAccessor.invoke(Unknown Source)
	at java.base/java.lang.reflect.Method.invoke(Unknown Source)
	at java.rmi/sun.rmi.server.UnicastServerRef.dispatch(Unknown Source)
	at java.rmi/sun.rmi.transport.Transport$1.run(Unknown Source)
	at java.rmi/sun.rmi.transport.Transport$1.run(Unknown Source)
	at java.base/java.security.AccessController.doPrivileged(Unknown Source)
	at java.rmi/sun.rmi.transport.Transport.serviceCall(Unknown Source)
	at java.rmi/sun.rmi.transport.tcp.TCPTransport.handleMessages(Unknown Source)
	at java.rmi/sun.rmi.transport.tcp.TCPTransport$ConnectionHandler.run0(Unknown Source)
	at java.rmi/sun.rmi.transport.tcp.TCPTransport$ConnectionHandler.lambda$run$0(Unknown Source)
	at java.base/java.security.AccessController.doPrivileged(Unknown Source)
	at java.rmi/sun.rmi.transport.tcp.TCPTransport$ConnectionHandler.run(Unknown Source)
	at java.base/java.util.concurrent.ThreadPoolExecutor.runWorker(Unknown Source)
	at java.base/java.util.concurrent.ThreadPoolExecutor$Worker.run(Unknown Source)
	at java.base/java.lang.Thread.run(Unknown Source)
Caused by: java.lang.ClassCastException: class org.jetbrains.kotlin.fir.declarations.impl.FirDeclarationStatusImpl cannot be cast to class org.jetbrains.kotlin.fir.declarations.FirResolvedDeclarationStatus (org.jetbrains.kotlin.fir.declarations.impl.FirDeclarationStatusImpl and org.jetbrains.kotlin.fir.declarations.FirResolvedDeclarationStatus are in unnamed module of loader 'app')
	at org.jetbrains.kotlin.fir.resolve.transformers.AbstractFirStatusResolveTransformer.transformSimpleFunction(FirStatusResolveTransformer.kt:455)
	at org.jetbrains.kotlin.fir.resolve.transformers.AbstractFirStatusResolveTransformer.transformSimpleFunction(FirStatusResolveTransformer.kt:442)
	at org.jetbrains.kotlin.fir.resolve.transformers.AbstractFirStatusResolveTransformer.transformSimpleFunction(FirStatusResolveTransformer.kt:187)
	at org.jetbrains.kotlin.fir.declarations.FirSimpleFunction.transform(FirSimpleFunction.kt:55)
	at org.jetbrains.kotlin.fir.visitors.FirTransformerUtilKt.transformSingle(FirTransformerUtil.kt:13)
	at org.jetbrains.kotlin.fir.resolve.transformers.AbstractFirStatusResolveTransformer.transformDeclarationContent(FirStatusResolveTransformer.kt:295)
	at org.jetbrains.kotlin.fir.resolve.transformers.AbstractFirStatusResolveTransformer.transformClass(FirStatusResolveTransformer.kt:315)
	at org.jetbrains.kotlin.fir.resolve.transformers.FirStatusResolveTransformer.transformClassContent(FirStatusResolveTransformer.kt:101)
	at org.jetbrains.kotlin.fir.resolve.transformers.AbstractFirStatusResolveTransformer.transformRegularClass(FirStatusResolveTransformer.kt:263)
	at org.jetbrains.kotlin.fir.resolve.transformers.AbstractFirStatusResolveTransformer.transformRegularClass(FirStatusResolveTransformer.kt:187)
	at org.jetbrains.kotlin.fir.declarations.FirRegularClass.transform(FirRegularClass.kt:52)
	at org.jetbrains.kotlin.fir.visitors.FirTransformerUtilKt.transformSingle(FirTransformerUtil.kt:13)
	at org.jetbrains.kotlin.fir.resolve.transformers.AbstractFirStatusResolveTransformer.transformDeclarationContent(FirStatusResolveTransformer.kt:302)
	at org.jetbrains.kotlin.fir.resolve.transformers.AbstractFirStatusResolveTransformer.transformFile(FirStatusResolveTransformer.kt:208)
	... 41 more


